21:28:21 [INFO] [DiamondCore] Starting Pocket Server!
21:28:21 [INFO] [DiamondCore] Debug: activated
21:28:21 [INFO] [DiamondCore] Starting file checkup!
21:28:21 [INFO] [DiamondCore] Finished file checkup with no errors!
21:28:21 [INFO] [DiamondCore] Starting Server Properties checkup!
21:28:21 [INFO] [DiamondCore] Finished Server Properties checkup with no errors!
21:28:21 [INFO] [DiamondCore] Loading plugins!
21:28:21 [INFO] [DiamondCore] Loading plugin TestColors v0.1 by Trent Summerlin
21:28:21 [INFO] [TestColors] Loading MOTD Changer!
21:28:21 [INFO] [DiamondCore] Finished loading plugins!
21:28:21 [INFO] [DiamondCore] Started Pocket Server!
21:28:23 [INFO] [CONSOLE] Reloading...
21:28:23 [INFO] [TestColors] Disabling MOTD Changer!
21:28:23 [INFO] [DiamondCore] Starting Server Properties checkup!
21:28:23 [INFO] [DiamondCore] Finished Server Properties checkup with no errors!
21:28:23 [INFO] [DiamondCore] Loading plugins!
21:28:23 [INFO] [DiamondCore] Loading plugin TestColors v0.1 by Trent Summerlin
21:28:23 [INFO] [TestColors] Loading MOTD Changer!
21:28:23 [INFO] [DiamondCore] Finished loading plugins!
21:28:23 [INFO] [CONSOLE] Reload complete!
